<?xml version="1.0" encoding="UTF-8"?>
<!-- Generated by org.testng.reporters.JUnitReportReporter -->
<testsuite hostname="DESKTOP-D478GMV" failures="0" tests="1" name="org.example.AppTest" time="0.008" errors="0" timestamp="2023-09-21T17:18:39 IST" skipped="0">
  <testcase classname="org.example.AppTest" name="testApp" time="0.008"/>
  <system-out/>
</testsuite> <!-- org.example.AppTest -->
